#
# A fatal error has been detected by the Java Runtime Environment:
#
#  SIGSEGV (0xb) at pc=0x00007fca6abcb7ad, pid=127694, tid=127718
#
# JRE version: OpenJDK Runtime Environment (15.0.2+7) (build 15.0.2+7-27)
# Java VM: OpenJDK 64-Bit Server VM (15.0.2+7-27, mixed mode, sharing, tiered, compressed oops, g1 gc, linux-amd64)
# Problematic frame:
# V  [libjvm.so+0x5557ad]  ConstantPool::impl_name_and_type_ref_index_at(int, bool)+0x1d
#
# Core dump will be written. Default location: Core dumps may be processed with "/usr/share/apport/apport %p %s %c %d %P %E" (or dumping to /home/josehenrique/Área de Trabalho/WeeklyChallenge4/challenge/core.127694)
#
# If you would like to submit a bug report, please visit:
#   https://bugreport.java.com/bugreport/crash.jsp
#

---------------  S U M M A R Y ------------

Command Line: -agentlib:jdwp=transport=dt_socket,address=127.0.0.1:48597,suspend=y,server=n -ea -Didea.test.cyclic.buffer.size=1048576 -javaagent:/snap/intellij-idea-community/289/plugins/java/lib/rt/debugger-agent.jar -Dfile.encoding=UTF-8 com.intellij.rt.junit.JUnitStarter -ideVersion5 -junit5 com.ifood.challenge.ChallengeApplicationTest,testResult

Host: Intel(R) Core(TM) i7-8665U CPU @ 1.90GHz, 8 cores, 15G, Ubuntu 20.04.2 LTS
Time: Fri Mar 26 13:17:36 2021 -03 elapsed time: 4490.294692 seconds (0d 1h 14m 50s)

---------------  T H R E A D  ---------------

Current thread (0x00007fca6422b010):  JavaThread "JDWP Transport Listener: dt_socket" daemon [_thread_in_vm, id=127718, stack(0x00007fca34d89000,0x00007fca34e8a000)] _threads_hazard_ptr=0x00007fc9fc005ce0

Stack: [0x00007fca34d89000,0x00007fca34e8a000],  sp=0x00007fca34e88248,  free space=1020k
Native frames: (J=compiled Java code, A=aot compiled Java code, j=interpreted, Vv=VM code, C=native code)
V  [libjvm.so+0x5557ad]  ConstantPool::impl_name_and_type_ref_index_at(int, bool)+0x1d
V  [libjvm.so+0x6e3ec0]  GenerateOopMap::interp_bb(BasicBlock*)+0x1e0
V  [libjvm.so+0x6e58d0]  GenerateOopMap::do_interpretation()+0xc0
V  [libjvm.so+0x6e5ba3]  GenerateOopMap::compute_map(Thread*)+0x293
V  [libjvm.so+0xb359e4]  OopMapForCacheEntry::compute_map(Thread*) [clone .part.0]+0x54
V  [libjvm.so+0xb3672b]  OopMapCacheEntry::fill(methodHandle const&, int)+0x1bb
V  [libjvm.so+0xb36c17]  OopMapCache::compute_one_oop_map(methodHandle const&, int, InterpreterOopMap*)+0x57
V  [libjvm.so+0xadce0e]  Method::mask_for(int, InterpreterOopMap*)+0xae
V  [libjvm.so+0xd52dc2]  interpretedVFrame::stack_data(bool) const+0x122
V  [libjvm.so+0x974874]  VM_GetOrSetLocal::check_slot_type_no_lvt(javaVFrame*)+0x44
V  [libjvm.so+0x9749a4]  VM_GetOrSetLocal::doit_prologue()+0xb4
V  [libjvm.so+0xd69b41]  VMThread::execute(VM_Operation*)+0x51
V  [libjvm.so+0x951561]  JvmtiEnv::GetLocalObject(JavaThread*, int, int, _jobject**)+0x91
V  [libjvm.so+0x904be1]  jvmti_GetLocalObject+0x251
C  [libjdwp.so+0x96ed]  thisObject+0x1ad
C  [libjdwp.so+0x12df9]  debugLoop_run+0x2b9
C  [libjdwp.so+0x25c53]  attachThread+0x33
V  [libjvm.so+0x9732a7]  JvmtiAgentThread::call_start_function()+0x87
V  [libjvm.so+0xcf2d6e]  JavaThread::thread_main_inner()+0xde
V  [libjvm.so+0xcf7bdd]  Thread::call_run()+0xfd
V  [libjvm.so+0xb4ac87]  thread_native_entry(Thread*)+0xe7


siginfo: si_signo: 11 (SIGSEGV), si_code: 2 (SEGV_ACCERR), si_addr: 0x00007fca35e28830

Register to memory mapping:

RAX=0x00007fca35e28830 is an unknown value
RBX=0x0000000000000001 is an unknown value
RCX=0x000000000000ca02 is an unknown value
RDX=0x0 is NULL
RSP=0x00007fca34e88248 is pointing into the stack for thread: 0x00007fca6422b010
RBP=0x00007fca34e882a0 is pointing into the stack for thread: 0x00007fca6422b010
RSI=0x0000000000194040 is an unknown value
RDI=0x00007fca35c80b00 is pointing into metadata
R8 =0x0000000000000045 is an unknown value
R9 =0x0 is NULL
R10=0x00007fca2c046a60 points into unknown readable memory: 0x0000000000000001 | 01 00 00 00 00 00 00 00
R11=0x000000002fffffff is an unknown value
R12=0x00007fca34e88510 is pointing into the stack for thread: 0x00007fca6422b010
R13=0x0 is NULL
R14=0x0000000000000045 is an unknown value
R15=0x00007fca35c80b00 is pointing into metadata


Registers:
RAX=0x00007fca35e28830, RBX=0x0000000000000001, RCX=0x000000000000ca02, RDX=0x0000000000000000
RSP=0x00007fca34e88248, RBP=0x00007fca34e882a0, RSI=0x0000000000194040, RDI=0x00007fca35c80b00
R8 =0x0000000000000045, R9 =0x0000000000000000, R10=0x00007fca2c046a60, R11=0x000000002fffffff
R12=0x00007fca34e88510, R13=0x0000000000000000, R14=0x0000000000000045, R15=0x00007fca35c80b00
RIP=0x00007fca6abcb7ad, EFLAGS=0x0000000000010202, CSGSFS=0x002b000000000033, ERR=0x0000000000000004
  TRAPNO=0x000000000000000e

Top of Stack: (sp=0x00007fca34e88248)
0x00007fca34e88248:   00007fca6ad55864 0000000046000041
0x00007fca34e88258:   00007fca6422b010 000000004fffffff
0x00007fca34e88268:   00007fca6b7c42b0 00007fca35c80fa0
0x00007fca34e88278:   0000000000000053 00007fca34e882f0 

Instructions: (pc=0x00007fca6abcb7ad)
0x00007fca6abcb6ad:   48 8b 00 0f b7 c0 48 8d 44 c7 48 eb 17 66 0f 1f
0x00007fca6abcb6bd:   44 00 00 48 8b 47 08 48 63 f6 0f b6 54 30 04 48
0x00007fca6abcb6cd:   8d 44 f7 48 8b 00 c1 e8 10 0f b7 44 c7 48 48 8b
0x00007fca6abcb6dd:   44 c7 48 c3 0f 1f 80 00 00 00 00 f7 d6 48 63 f6
0x00007fca6abcb6ed:   48 c1 e6 05 48 8d 44 30 28 48 8b 00 0f b7 c0 0f
0x00007fca6abcb6fd:   b7 44 c7 4a eb d3 90 66 66 2e 0f 1f 84 00 00 00
0x00007fca6abcb70d:   00 00 90 84 d2 75 2c 48 8b 47 10 48 85 c0 74 23
0x00007fca6abcb71d:   85 f6 78 47 48 63 f6 48 c1 e6 05 48 8d 44 30 28
0x00007fca6abcb72d:   48 8b 00 0f b7 c0 48 8d 44 c7 48 eb 17 66 0f 1f
0x00007fca6abcb73d:   44 00 00 48 8b 47 08 48 63 f6 0f b6 54 30 04 48
0x00007fca6abcb74d:   8d 44 f7 48 8b 00 c1 e8 10 0f b7 44 c7 4a 48 8b
0x00007fca6abcb75d:   44 c7 48 c3 0f 1f 80 00 00 00 00 f7 d6 48 63 f6
0x00007fca6abcb76d:   48 c1 e6 05 48 8d 44 30 28 48 8b 00 0f b7 c0 0f
0x00007fca6abcb77d:   b7 44 c7 4a eb d3 90 66 66 2e 0f 1f 84 00 00 00
0x00007fca6abcb78d:   00 00 90 84 d2 75 2c 48 8b 47 10 48 85 c0 74 23
0x00007fca6abcb79d:   85 f6 78 3f 48 63 f6 48 c1 e6 05 48 8d 44 30 28
0x00007fca6abcb7ad:   48 8b 00 0f b7 c0 48 8d 44 c7 48 8b 00 c1 e8 10
0x00007fca6abcb7bd:   c3 66 90 48 8b 47 08 48 63 f6 0f b6 54 30 04 48
0x00007fca6abcb7cd:   8d 44 f7 48 8b 00 c1 e8 10 c3 66 0f 1f 84 00 00
0x00007fca6abcb7dd:   00 00 00 f7 d6 48 63 f6 48 c1 e6 05 48 8d 44 30
0x00007fca6abcb7ed:   28 48 8b 00 0f b7 c0 0f b7 44 c7 4a c3 66 0f 1f
0x00007fca6abcb7fd:   44 00 00 84 d2 75 21 48 8b 47 10 48 85 c0 74 18
0x00007fca6abcb80d:   85 f6 79 02 f7 d6 48 63 f6 48 c1 e6 05 48 8d 44
0x00007fca6abcb81d:   30 28 48 8b 30 0f b7 f6 48 8b 47 08 48 63 f6 0f
0x00007fca6abcb82d:   b6 44 30 04 c3 66 66 2e 0f 1f 84 00 00 00 00 00
0x00007fca6abcb83d:   0f 1f 00 55 48 89 e5 41 55 41 89 d5 41 54 49 89
0x00007fca6abcb84d:   fc 53 48 63 de 48 83 ec 08 85 db 78 36 45 84 ed
0x00007fca6abcb85d:   75 19 49 8b 44 24 10 48 85 c0 74 0f 48 c1 e3 05
0x00007fca6abcb86d:   48 8d 44 18 28 48 8b 18 0f b7 db 41 0f b7 44 dc
0x00007fca6abcb87d:   48 48 83 c4 08 5b 41 5c 41 5d 5d c3 0f 1f 80 00
0x00007fca6abcb88d:   00 00 00 48 8d 05 91 04 b9 00 48 8d 0d ca f7 8d
0x00007fca6abcb89d:   00 48 8d 15 fb f7 8d 00 be ae 02 00 00 48 8d 3d 


Stack slot to memory mapping:
stack at sp + 0 slots: 0x00007fca6ad55864: <offset 0x00000000006df864> in /home/josehenrique/.jdks/openjdk-15.0.2/lib/server/libjvm.so at 0x00007fca6a676000
stack at sp + 1 slots: 0x0000000046000041 is an unknown value
stack at sp + 2 slots: 0x00007fca6422b010 is a thread
stack at sp + 3 slots: 0x000000004fffffff is an unknown value
stack at sp + 4 slots: 0x00007fca6b7c42b0: <offset 0x000000000114e2b0> in /home/josehenrique/.jdks/openjdk-15.0.2/lib/server/libjvm.so at 0x00007fca6a676000
stack at sp + 5 slots: {method} {0x00007fca35c80fa0} 'testResult' '()V' in 'com/ifood/challenge/ChallengeApplicationTest'
stack at sp + 6 slots: 0x0000000000000053 is an unknown value
stack at sp + 7 slots: 0x00007fca34e882f0 is pointing into the stack for thread: 0x00007fca6422b010


---------------  P R O C E S S  ---------------

Threads class SMR info:
_java_thread_list=0x00007fc9fc005ce0, length=13, elements={
0x00007fca6402be30, 0x00007fca641ba150, 0x00007fca641bb890, 0x00007fca641c14a0,
0x00007fca641c2bb0, 0x00007fca641c47d0, 0x00007fca641c6000, 0x00007fca641c7700,
0x00007fca641e40d0, 0x00007fca6422b010, 0x00007fca6422e740, 0x00007fca00000fa0,
0x00007fca644e2980
}

Java Threads: ( => current thread )
  0x00007fca6402be30 JavaThread "main" [_thread_blocked, id=127697, stack(0x00007fca6a426000,0x00007fca6a527000)]
  0x00007fca641ba150 JavaThread "Reference Handler" daemon [_thread_blocked, id=127705, stack(0x00007fca44363000,0x00007fca44464000)]
  0x00007fca641bb890 JavaThread "Finalizer" daemon [_thread_blocked, id=127706, stack(0x00007fca44262000,0x00007fca44363000)]
  0x00007fca641c14a0 JavaThread "Signal Dispatcher" daemon [_thread_blocked, id=127707, stack(0x00007fca44161000,0x00007fca44262000)]
  0x00007fca641c2bb0 JavaThread "Service Thread" daemon [_thread_blocked, id=127708, stack(0x00007fca44060000,0x00007fca44161000)]
  0x00007fca641c47d0 JavaThread "C2 CompilerThread0" daemon [_thread_blocked, id=127709, stack(0x00007fca3518d000,0x00007fca3528e000)]
  0x00007fca641c6000 JavaThread "C1 CompilerThread0" daemon [_thread_blocked, id=127710, stack(0x00007fca3508c000,0x00007fca3518d000)]
  0x00007fca641c7700 JavaThread "Sweeper thread" daemon [_thread_blocked, id=127711, stack(0x00007fca34f8b000,0x00007fca3508c000)]
  0x00007fca641e40d0 JavaThread "Common-Cleaner" daemon [_thread_blocked, id=127712, stack(0x00007fca34e8a000,0x00007fca34f8b000)]
=>0x00007fca6422b010 JavaThread "JDWP Transport Listener: dt_socket" daemon [_thread_in_vm, id=127718, stack(0x00007fca34d89000,0x00007fca34e8a000)]
  0x00007fca6422e740 JavaThread "JDWP Event Helper Thread" daemon [_thread_blocked, id=127719, stack(0x00007fca34c88000,0x00007fca34d89000)]
  0x00007fca00000fa0 JavaThread "JDWP Command Reader" daemon [_thread_in_native, id=127720, stack(0x00007fca34b87000,0x00007fca34c88000)]
  0x00007fca644e2980 JavaThread "Notification Thread" daemon [_thread_blocked, id=127734, stack(0x00007fca34884000,0x00007fca34985000)]

Other Threads:
  0x00007fca641b7400 VMThread "VM Thread" [stack: 0x00007fca44466000,0x00007fca44566000] [id=127704]
  0x00007fca6402de30 WatcherThread [stack: 0x00007fca34784000,0x00007fca34884000] [id=127735]
  0x00007fca6407ad80 GCTaskThread "GC Thread#0" [stack: 0x00007fca680ed000,0x00007fca681ed000] [id=127698]
  0x00007fca6408bd40 ConcurrentGCThread "G1 Main Marker" [stack: 0x00007fca450f7000,0x00007fca451f7000] [id=127699]
  0x00007fca6408cfd0 ConcurrentGCThread "G1 Conc#0" [stack: 0x00007fca44ff5000,0x00007fca450f5000] [id=127700]
  0x00007fca64141c00 ConcurrentGCThread "G1 Refine#0" [stack: 0x00007fca446eb000,0x00007fca447eb000] [id=127701]
  0x00007fca64142e10 ConcurrentGCThread "G1 Young RemSet Sampling" [stack: 0x00007fca445e9000,0x00007fca446e9000] [id=127702]

Threads with active compile tasks:

VM state: not at safepoint (normal execution)

VM Mutex/Monitor currently owned by a thread: None

Heap address: 0x0000000709c00000, size: 3940 MB, Compressed Oops mode: Zero based, Oop shift amount: 3
CDS archive(s) mapped at: [0x0000000800000000-0x0000000800b33000-0x0000000800b33000), size 11743232, SharedBaseAddress: 0x0000000800000000, ArchiveRelocationMode: 0.
Compressed class space mapped at: 0x0000000800b34000-0x0000000840b34000, size: 1073741824
Narrow klass base: 0x0000000800000000, Narrow klass shift: 3, Narrow klass range: 0x100000000

GC Precious Log:
 CPUs: 8 total, 8 available
 Memory: 15757M
 Large Page Support: Disabled
 NUMA Support: Disabled
 Compressed Oops: Enabled (Zero based)
 Heap Region Size: 2M
 Heap Min Capacity: 8M
 Heap Initial Capacity: 248M
 Heap Max Capacity: 3940M
 Pre-touch: Disabled
 Parallel Workers: 8
 Concurrent Workers: 2
 Concurrent Refinement Workers: 8
 Periodic GC: Disabled

Heap:
 garbage-first heap   total 258048K, used 20280K [0x0000000709c00000, 0x0000000800000000)
  region size 2048K, 11 young (22528K), 0 survivors (0K)
 Metaspace       used 4430K, capacity 6764K, committed 7040K, reserved 1056768K
  class space    used 570K, capacity 801K, committed 896K, reserved 1048576K

Heap Regions: E=young(eden), S=young(survivor), O=old, HS=humongous(starts), HC=humongous(continues), CS=collection set, F=free, OA=open archive, CA=closed archive, TAMS=top-at-mark-start (previous, next)
|   0|0x0000000709c00000, 0x0000000709c00000, 0x0000000709e00000|  0%| F|  |TAMS 0x0000000709c00000, 0x0000000709c00000| Untracked 
|   1|0x0000000709e00000, 0x0000000709e00000, 0x000000070a000000|  0%| F|  |TAMS 0x0000000709e00000, 0x0000000709e00000| Untracked 
|   2|0x000000070a000000, 0x000000070a000000, 0x000000070a200000|  0%| F|  |TAMS 0x000000070a000000, 0x000000070a000000| Untracked 
|   3|0x000000070a200000, 0x000000070a200000, 0x000000070a400000|  0%| F|  |TAMS 0x000000070a200000, 0x000000070a200000| Untracked 
|   4|0x000000070a400000, 0x000000070a400000, 0x000000070a600000|  0%| F|  |TAMS 0x000000070a400000, 0x000000070a400000| Untracked 
|   5|0x000000070a600000, 0x000000070a600000, 0x000000070a800000|  0%| F|  |TAMS 0x000000070a600000, 0x000000070a600000| Untracked 
|   6|0x000000070a800000, 0x000000070a800000, 0x000000070aa00000|  0%| F|  |TAMS 0x000000070a800000, 0x000000070a800000| Untracked 
|   7|0x000000070aa00000, 0x000000070aa00000, 0x000000070ac00000|  0%| F|  |TAMS 0x000000070aa00000, 0x000000070aa00000| Untracked 
|   8|0x000000070ac00000, 0x000000070ac00000, 0x000000070ae00000|  0%| F|  |TAMS 0x000000070ac00000, 0x000000070ac00000| Untracked 
|   9|0x000000070ae00000, 0x000000070ae00000, 0x000000070b000000|  0%| F|  |TAMS 0x000000070ae00000, 0x000000070ae00000| Untracked 
|  10|0x000000070b000000, 0x000000070b000000, 0x000000070b200000|  0%| F|  |TAMS 0x000000070b000000, 0x000000070b000000| Untracked 
|  11|0x000000070b200000, 0x000000070b200000, 0x000000070b400000|  0%| F|  |TAMS 0x000000070b200000, 0x000000070b200000| Untracked 
|  12|0x000000070b400000, 0x000000070b400000, 0x000000070b600000|  0%| F|  |TAMS 0x000000070b400000, 0x000000070b400000| Untracked 
|  13|0x000000070b600000, 0x000000070b600000, 0x000000070b800000|  0%| F|  |TAMS 0x000000070b600000, 0x000000070b600000| Untracked 
|  14|0x000000070b800000, 0x000000070b800000, 0x000000070ba00000|  0%| F|  |TAMS 0x000000070b800000, 0x000000070b800000| Untracked 
|  15|0x000000070ba00000, 0x000000070ba00000, 0x000000070bc00000|  0%| F|  |TAMS 0x000000070ba00000, 0x000000070ba00000| Untracked 
|  16|0x000000070bc00000, 0x000000070bc00000, 0x000000070be00000|  0%| F|  |TAMS 0x000000070bc00000, 0x000000070bc00000| Untracked 
|  17|0x000000070be00000, 0x000000070be00000, 0x000000070c000000|  0%| F|  |TAMS 0x000000070be00000, 0x000000070be00000| Untracked 
|  18|0x000000070c000000, 0x000000070c000000, 0x000000070c200000|  0%| F|  |TAMS 0x000000070c000000, 0x000000070c000000| Untracked 
|  19|0x000000070c200000, 0x000000070c200000, 0x000000070c400000|  0%| F|  |TAMS 0x000000070c200000, 0x000000070c200000| Untracked 
|  20|0x000000070c400000, 0x000000070c400000, 0x000000070c600000|  0%| F|  |TAMS 0x000000070c400000, 0x000000070c400000| Untracked 
|  21|0x000000070c600000, 0x000000070c600000, 0x000000070c800000|  0%| F|  |TAMS 0x000000070c600000, 0x000000070c600000| Untracked 
|  22|0x000000070c800000, 0x000000070c800000, 0x000000070ca00000|  0%| F|  |TAMS 0x000000070c800000, 0x000000070c800000| Untracked 
|  23|0x000000070ca00000, 0x000000070ca00000, 0x000000070cc00000|  0%| F|  |TAMS 0x000000070ca00000, 0x000000070ca00000| Untracked 
|  24|0x000000070cc00000, 0x000000070cc00000, 0x000000070ce00000|  0%| F|  |TAMS 0x000000070cc00000, 0x000000070cc00000| Untracked 
|  25|0x000000070ce00000, 0x000000070ce00000, 0x000000070d000000|  0%| F|  |TAMS 0x000000070ce00000, 0x000000070ce00000| Untracked 
|  26|0x000000070d000000, 0x000000070d000000, 0x000000070d200000|  0%| F|  |TAMS 0x000000070d000000, 0x000000070d000000| Untracked 
|  27|0x000000070d200000, 0x000000070d200000, 0x000000070d400000|  0%| F|  |TAMS 0x000000070d200000, 0x000000070d200000| Untracked 
|  28|0x000000070d400000, 0x000000070d400000, 0x000000070d600000|  0%| F|  |TAMS 0x000000070d400000, 0x000000070d400000| Untracked 
|  29|0x000000070d600000, 0x000000070d600000, 0x000000070d800000|  0%| F|  |TAMS 0x000000070d600000, 0x000000070d600000| Untracked 
|  30|0x000000070d800000, 0x000000070d800000, 0x000000070da00000|  0%| F|  |TAMS 0x000000070d800000, 0x000000070d800000| Untracked 
|  31|0x000000070da00000, 0x000000070da00000, 0x000000070dc00000|  0%| F|  |TAMS 0x000000070da00000, 0x000000070da00000| Untracked 
|  32|0x000000070dc00000, 0x000000070dc00000, 0x000000070de00000|  0%| F|  |TAMS 0x000000070dc00000, 0x000000070dc00000| Untracked 
|  33|0x000000070de00000, 0x000000070de00000, 0x000000070e000000|  0%| F|  |TAMS 0x000000070de00000, 0x000000070de00000| Untracked 
|  34|0x000000070e000000, 0x000000070e000000, 0x000000070e200000|  0%| F|  |TAMS 0x000000070e000000, 0x000000070e000000| Untracked 
|  35|0x000000070e200000, 0x000000070e200000, 0x000000070e400000|  0%| F|  |TAMS 0x000000070e200000, 0x000000070e200000| Untracked 
|  36|0x000000070e400000, 0x000000070e400000, 0x000000070e600000|  0%| F|  |TAMS 0x000000070e400000, 0x000000070e400000| Untracked 
|  37|0x000000070e600000, 0x000000070e600000, 0x000000070e800000|  0%| F|  |TAMS 0x000000070e600000, 0x000000070e600000| Untracked 
|  38|0x000000070e800000, 0x000000070e800000, 0x000000070ea00000|  0%| F|  |TAMS 0x000000070e800000, 0x000000070e800000| Untracked 
|  39|0x000000070ea00000, 0x000000070ea00000, 0x000000070ec00000|  0%| F|  |TAMS 0x000000070ea00000, 0x000000070ea00000| Untracked 
|  40|0x000000070ec00000, 0x000000070ec00000, 0x000000070ee00000|  0%| F|  |TAMS 0x000000070ec00000, 0x000000070ec00000| Untracked 
|  41|0x000000070ee00000, 0x000000070ee00000, 0x000000070f000000|  0%| F|  |TAMS 0x000000070ee00000, 0x000000070ee00000| Untracked 
|  42|0x000000070f000000, 0x000000070f000000, 0x000000070f200000|  0%| F|  |TAMS 0x000000070f000000, 0x000000070f000000| Untracked 
|  43|0x000000070f200000, 0x000000070f200000, 0x000000070f400000|  0%| F|  |TAMS 0x000000070f200000, 0x000000070f200000| Untracked 
|  44|0x000000070f400000, 0x000000070f400000, 0x000000070f600000|  0%| F|  |TAMS 0x000000070f400000, 0x000000070f400000| Untracked 
|  45|0x000000070f600000, 0x000000070f600000, 0x000000070f800000|  0%| F|  |TAMS 0x000000070f600000, 0x000000070f600000| Untracked 
|  46|0x000000070f800000, 0x000000070f800000, 0x000000070fa00000|  0%| F|  |TAMS 0x000000070f800000, 0x000000070f800000| Untracked 
|  47|0x000000070fa00000, 0x000000070fa00000, 0x000000070fc00000|  0%| F|  |TAMS 0x000000070fa00000, 0x000000070fa00000| Untracked 
|  48|0x000000070fc00000, 0x000000070fc00000, 0x000000070fe00000|  0%| F|  |TAMS 0x000000070fc00000, 0x000000070fc00000| Untracked 
|  49|0x000000070fe00000, 0x000000070fe00000, 0x0000000710000000|  0%| F|  |TAMS 0x000000070fe00000, 0x000000070fe00000| Untracked 
|  50|0x0000000710000000, 0x0000000710000000, 0x0000000710200000|  0%| F|  |TAMS 0x0000000710000000, 0x0000000710000000| Untracked 
|  51|0x0000000710200000, 0x0000000710200000, 0x0000000710400000|  0%| F|  |TAMS 0x0000000710200000, 0x0000000710200000| Untracked 
|  52|0x0000000710400000, 0x0000000710400000, 0x0000000710600000|  0%| F|  |TAMS 0x0000000710400000, 0x0000000710400000| Untracked 
|  53|0x0000000710600000, 0x0000000710600000, 0x0000000710800000|  0%| F|  |TAMS 0x0000000710600000, 0x0000000710600000| Untracked 
|  54|0x0000000710800000, 0x0000000710800000, 0x0000000710a00000|  0%| F|  |TAMS 0x0000000710800000, 0x0000000710800000| Untracked 
|  55|0x0000000710a00000, 0x0000000710a00000, 0x0000000710c00000|  0%| F|  |TAMS 0x0000000710a00000, 0x0000000710a00000| Untracked 
|  56|0x0000000710c00000, 0x0000000710c00000, 0x0000000710e00000|  0%| F|  |TAMS 0x0000000710c00000, 0x0000000710c00000| Untracked 
|  57|0x0000000710e00000, 0x0000000710e00000, 0x0000000711000000|  0%| F|  |TAMS 0x0000000710e00000, 0x0000000710e00000| Untracked 
|  58|0x0000000711000000, 0x0000000711000000, 0x0000000711200000|  0%| F|  |TAMS 0x0000000711000000, 0x0000000711000000| Untracked 
|  59|0x0000000711200000, 0x0000000711200000, 0x0000000711400000|  0%| F|  |TAMS 0x0000000711200000, 0x0000000711200000| Untracked 
|  60|0x0000000711400000, 0x0000000711400000, 0x0000000711600000|  0%| F|  |TAMS 0x0000000711400000, 0x0000000711400000| Untracked 
|  61|0x0000000711600000, 0x0000000711600000, 0x0000000711800000|  0%| F|  |TAMS 0x0000000711600000, 0x0000000711600000| Untracked 
|  62|0x0000000711800000, 0x0000000711800000, 0x0000000711a00000|  0%| F|  |TAMS 0x0000000711800000, 0x0000000711800000| Untracked 
|  63|0x0000000711a00000, 0x0000000711a00000, 0x0000000711c00000|  0%| F|  |TAMS 0x0000000711a00000, 0x0000000711a00000| Untracked 
|  64|0x0000000711c00000, 0x0000000711c00000, 0x0000000711e00000|  0%| F|  |TAMS 0x0000000711c00000, 0x0000000711c00000| Untracked 
|  65|0x0000000711e00000, 0x0000000711e00000, 0x0000000712000000|  0%| F|  |TAMS 0x0000000711e00000, 0x0000000711e00000| Untracked 
|  66|0x0000000712000000, 0x0000000712000000, 0x0000000712200000|  0%| F|  |TAMS 0x0000000712000000, 0x0000000712000000| Untracked 
|  67|0x0000000712200000, 0x0000000712200000, 0x0000000712400000|  0%| F|  |TAMS 0x0000000712200000, 0x0000000712200000| Untracked 
|  68|0x0000000712400000, 0x0000000712400000, 0x0000000712600000|  0%| F|  |TAMS 0x0000000712400000, 0x0000000712400000| Untracked 
|  69|0x0000000712600000, 0x0000000712600000, 0x0000000712800000|  0%| F|  |TAMS 0x0000000712600000, 0x0000000712600000| Untracked 
|  70|0x0000000712800000, 0x0000000712800000, 0x0000000712a00000|  0%| F|  |TAMS 0x0000000712800000, 0x0000000712800000| Untracked 
|  71|0x0000000712a00000, 0x0000000712a00000, 0x0000000712c00000|  0%| F|  |TAMS 0x0000000712a00000, 0x0000000712a00000| Untracked 
|  72|0x0000000712c00000, 0x0000000712c00000, 0x0000000712e00000|  0%| F|  |TAMS 0x0000000712c00000, 0x0000000712c00000| Untracked 
|  73|0x0000000712e00000, 0x0000000712e00000, 0x0000000713000000|  0%| F|  |TAMS 0x0000000712e00000, 0x0000000712e00000| Untracked 
|  74|0x0000000713000000, 0x0000000713000000, 0x0000000713200000|  0%| F|  |TAMS 0x0000000713000000, 0x0000000713000000| Untracked 
|  75|0x0000000713200000, 0x0000000713200000, 0x0000000713400000|  0%| F|  |TAMS 0x0000000713200000, 0x0000000713200000| Untracked 
|  76|0x0000000713400000, 0x0000000713400000, 0x0000000713600000|  0%| F|  |TAMS 0x0000000713400000, 0x0000000713400000| Untracked 
|  77|0x0000000713600000, 0x0000000713600000, 0x0000000713800000|  0%| F|  |TAMS 0x0000000713600000, 0x0000000713600000| Untracked 
|  78|0x0000000713800000, 0x0000000713800000, 0x0000000713a00000|  0%| F|  |TAMS 0x0000000713800000, 0x0000000713800000| Untracked 
|  79|0x0000000713a00000, 0x0000000713a00000, 0x0000000713c00000|  0%| F|  |TAMS 0x0000000713a00000, 0x0000000713a00000| Untracked 
|  80|0x0000000713c00000, 0x0000000713c00000, 0x0000000713e00000|  0%| F|  |TAMS 0x0000000713c00000, 0x0000000713c00000| Untracked 
|  81|0x0000000713e00000, 0x0000000713e00000, 0x0000000714000000|  0%| F|  |TAMS 0x0000000713e00000, 0x0000000713e00000| Untracked 
|  82|0x0000000714000000, 0x0000000714000000, 0x0000000714200000|  0%| F|  |TAMS 0x0000000714000000, 0x0000000714000000| Untracked 
|  83|0x0000000714200000, 0x0000000714200000, 0x0000000714400000|  0%| F|  |TAMS 0x0000000714200000, 0x0000000714200000| Untracked 
|  84|0x0000000714400000, 0x0000000714400000, 0x0000000714600000|  0%| F|  |TAMS 0x0000000714400000, 0x0000000714400000| Untracked 
|  85|0x0000000714600000, 0x0000000714600000, 0x0000000714800000|  0%| F|  |TAMS 0x0000000714600000, 0x0000000714600000| Untracked 
|  86|0x0000000714800000, 0x0000000714800000, 0x0000000714a00000|  0%| F|  |TAMS 0x0000000714800000, 0x0000000714800000| Untracked 
|  87|0x0000000714a00000, 0x0000000714a00000, 0x0000000714c00000|  0%| F|  |TAMS 0x0000000714a00000, 0x0000000714a00000| Untracked 
|  88|0x0000000714c00000, 0x0000000714c00000, 0x0000000714e00000|  0%| F|  |TAMS 0x0000000714c00000, 0x0000000714c00000| Untracked 
|  89|0x0000000714e00000, 0x0000000714e00000, 0x0000000715000000|  0%| F|  |TAMS 0x0000000714e00000, 0x0000000714e00000| Untracked 
|  90|0x0000000715000000, 0x0000000715000000, 0x0000000715200000|  0%| F|  |TAMS 0x0000000715000000, 0x0000000715000000| Untracked 
|  91|0x0000000715200000, 0x0000000715200000, 0x0000000715400000|  0%| F|  |TAMS 0x0000000715200000, 0x0000000715200000| Untracked 
|  92|0x0000000715400000, 0x0000000715400000, 0x0000000715600000|  0%| F|  |TAMS 0x0000000715400000, 0x0000000715400000| Untracked 
|  93|0x0000000715600000, 0x0000000715600000, 0x0000000715800000|  0%| F|  |TAMS 0x0000000715600000, 0x0000000715600000| Untracked 
|  94|0x0000000715800000, 0x0000000715800000, 0x0000000715a00000|  0%| F|  |TAMS 0x0000000715800000, 0x0000000715800000| Untracked 
|  95|0x0000000715a00000, 0x0000000715a00000, 0x0000000715c00000|  0%| F|  |TAMS 0x0000000715a00000, 0x0000000715a00000| Untracked 
|  96|0x0000000715c00000, 0x0000000715c00000, 0x0000000715e00000|  0%| F|  |TAMS 0x0000000715c00000, 0x0000000715c00000| Untracked 
|  97|0x0000000715e00000, 0x0000000715e00000, 0x0000000716000000|  0%| F|  |TAMS 0x0000000715e00000, 0x0000000715e00000| Untracked 
|  98|0x0000000716000000, 0x0000000716000000, 0x0000000716200000|  0%| F|  |TAMS 0x0000000716000000, 0x0000000716000000| Untracked 
|  99|0x0000000716200000, 0x0000000716200000, 0x0000000716400000|  0%| F|  |TAMS 0x0000000716200000, 0x0000000716200000| Untracked 
| 100|0x0000000716400000, 0x0000000716400000, 0x0000000716600000|  0%| F|  |TAMS 0x0000000716400000, 0x0000000716400000| Untracked 
| 101|0x0000000716600000, 0x0000000716600000, 0x0000000716800000|  0%| F|  |TAMS 0x0000000716600000, 0x0000000716600000| Untracked 
| 102|0x0000000716800000, 0x0000000716800000, 0x0000000716a00000|  0%| F|  |TAMS 0x0000000716800000, 0x0000000716800000| Untracked 
| 103|0x0000000716a00000, 0x0000000716a00000, 0x0000000716c00000|  0%| F|  |TAMS 0x0000000716a00000, 0x0000000716a00000| Untracked 
| 104|0x0000000716c00000, 0x0000000716c00000, 0x0000000716e00000|  0%| F|  |TAMS 0x0000000716c00000, 0x0000000716c00000| Untracked 
| 105|0x0000000716e00000, 0x0000000716e00000, 0x0000000717000000|  0%| F|  |TAMS 0x0000000716e00000, 0x0000000716e00000| Untracked 
| 106|0x0000000717000000, 0x0000000717000000, 0x0000000717200000|  0%| F|  |TAMS 0x0000000717000000, 0x0000000717000000| Untracked 
| 107|0x0000000717200000, 0x0000000717200000, 0x0000000717400000|  0%| F|  |TAMS 0x0000000717200000, 0x0000000717200000| Untracked 
| 108|0x0000000717400000, 0x0000000717400000, 0x0000000717600000|  0%| F|  |TAMS 0x0000000717400000, 0x0000000717400000| Untracked 
| 109|0x0000000717600000, 0x0000000717600000, 0x0000000717800000|  0%| F|  |TAMS 0x0000000717600000, 0x0000000717600000| Untracked 
| 110|0x0000000717800000, 0x0000000717800000, 0x0000000717a00000|  0%| F|  |TAMS 0x0000000717800000, 0x0000000717800000| Untracked 
| 111|0x0000000717a00000, 0x0000000717a00000, 0x0000000717c00000|  0%| F|  |TAMS 0x0000000717a00000, 0x0000000717a00000| Untracked 
| 112|0x0000000717c00000, 0x0000000717c00000, 0x0000000717e00000|  0%| F|  |TAMS 0x0000000717c00000, 0x0000000717c00000| Untracked 
| 113|0x0000000717e00000, 0x0000000717ee1cc8, 0x0000000718000000| 44%| E|  |TAMS 0x0000000717e00000, 0x0000000717e00000| Complete 
| 114|0x0000000718000000, 0x0000000718200000, 0x0000000718200000|100%| E|CS|TAMS 0x0000000718000000, 0x0000000718000000| Complete 
| 115|0x0000000718200000, 0x0000000718400000, 0x0000000718400000|100%| E|CS|TAMS 0x0000000718200000, 0x0000000718200000| Complete 
| 116|0x0000000718400000, 0x0000000718600000, 0x0000000718600000|100%| E|CS|TAMS 0x0000000718400000, 0x0000000718400000| Complete 
| 117|0x0000000718600000, 0x0000000718800000, 0x0000000718800000|100%| E|CS|TAMS 0x0000000718600000, 0x0000000718600000| Complete 
| 118|0x0000000718800000, 0x0000000718a00000, 0x0000000718a00000|100%| E|CS|TAMS 0x0000000718800000, 0x0000000718800000| Complete 
| 119|0x0000000718a00000, 0x0000000718c00000, 0x0000000718c00000|100%| E|CS|TAMS 0x0000000718a00000, 0x0000000718a00000| Complete 
| 120|0x0000000718c00000, 0x0000000718e00000, 0x0000000718e00000|100%| E|CS|TAMS 0x0000000718c00000, 0x0000000718c00000| Complete 
| 121|0x0000000718e00000, 0x0000000719000000, 0x0000000719000000|100%| E|CS|TAMS 0x0000000718e00000, 0x0000000718e00000| Complete 
| 122|0x0000000719000000, 0x0000000719200000, 0x0000000719200000|100%| E|  |TAMS 0x0000000719000000, 0x0000000719000000| Complete 
| 123|0x0000000719200000, 0x0000000719400000, 0x0000000719400000|100%| E|CS|TAMS 0x0000000719200000, 0x0000000719200000| Complete 
|1968|0x00000007ffc00000, 0x00000007ffd52000, 0x00000007ffe00000| 66%|OA|  |TAMS 0x00000007ffc00000, 0x00000007ffc00000| Untracked 
|1969|0x00000007ffe00000, 0x00000007ffe7c000, 0x0000000800000000| 24%|CA|  |TAMS 0x00000007ffe00000, 0x00000007ffe00000| Untracked 

Card table byte_map: [0x00007fca68a1f000,0x00007fca691d1000] _byte_map_base: 0x00007fca651d1000

Marking Bits (Prev, Next): (CMBitMap*) 0x00007fca6407bb20, (CMBitMap*) 0x00007fca6407bb60
 Prev Bits: [0x00007fca48f87000, 0x00007fca4cd17000)
 Next Bits: [0x00007fca451f7000, 0x00007fca48f87000)

Polling page: 0x00007fca6ba75000

Metaspace:

Usage:
  Non-class:      5,82 MB capacity,     3,77 MB ( 65%) used,     2,04 MB ( 35%) free+waste,     9,12 KB ( <1%) overhead. 
      Class:    801,00 KB capacity,   570,42 KB ( 71%) used,   226,08 KB ( 28%) free+waste,     4,50 KB ( <1%) overhead. 
       Both:      6,61 MB capacity,     4,33 MB ( 65%) used,     2,27 MB ( 34%) free+waste,    13,62 KB ( <1%) overhead. 

Virtual space:
  Non-class space:        8,00 MB reserved,       6,00 MB ( 75%) committed 
      Class space:        1,00 GB reserved,     896,00 KB ( <1%) committed 
             Both:        1,01 GB reserved,       6,88 MB ( <1%) committed 

Chunk freelists:
   Non-Class:  0 bytes
       Class:  0 bytes
        Both:  0 bytes

MaxMetaspaceSize: 17179869184,00 GB
CompressedClassSpaceSize: 1,00 GB

CodeHeap 'non-profiled nmethods': size=120028Kb used=402Kb max_used=402Kb free=119625Kb
 bounds [0x00007fca547e0000, 0x00007fca54a50000, 0x00007fca5bd17000]
CodeHeap 'profiled nmethods': size=120028Kb used=1852Kb max_used=1852Kb free=118175Kb
 bounds [0x00007fca4d2a9000, 0x00007fca4d519000, 0x00007fca547e0000]
CodeHeap 'non-nmethods': size=5704Kb used=1205Kb max_used=1226Kb free=4498Kb
 bounds [0x00007fca4cd17000, 0x00007fca4cf87000, 0x00007fca4d2a9000]
 total_blobs=1483 nmethods=1096 adapters=301
 compilation: enabled
              stopped_count=0, restarted_count=0
 full_count=0

Compilation events (20 events):
Event: 24,315 Thread 0x00007fca641c6000 1074       3       java.lang.invoke.LambdaForm$Name::useCount (42 bytes)
Event: 24,315 Thread 0x00007fca641c6000 nmethod 1074 0x00007fca4d46f310 code [0x00007fca4d46f4c0, 0x00007fca4d46f7b0]
Event: 24,315 Thread 0x00007fca641c6000 1075       3       jdk.internal.org.objectweb.asm.Type::getTypeInternal (199 bytes)
Event: 24,315 Thread 0x00007fca641c6000 nmethod 1075 0x00007fca4d46f910 code [0x00007fca4d46fba0, 0x00007fca4d4709a0]
Event: 24,315 Thread 0x00007fca641c6000 1081       3       java.lang.invoke.LambdaForm$Name::lastUseIndex (36 bytes)
Event: 24,316 Thread 0x00007fca641c6000 nmethod 1081 0x00007fca4d470e10 code [0x00007fca4d470fc0, 0x00007fca4d471250]
Event: 24,316 Thread 0x00007fca641c6000 1083       3       java.lang.invoke.LambdaForm$Name::isParam (13 bytes)
Event: 24,316 Thread 0x00007fca641c6000 nmethod 1083 0x00007fca4d471390 code [0x00007fca4d471520, 0x00007fca4d471670]
Event: 24,316 Thread 0x00007fca641c6000 1086       3       java.lang.invoke.InvokerBytecodeGenerator::emitImplicitConversion (161 bytes)
Event: 24,317 Thread 0x00007fca641c6000 nmethod 1086 0x00007fca4d471710 code [0x00007fca4d471a20, 0x00007fca4d472870]
Event: 24,317 Thread 0x00007fca641c6000 1087       3       java.lang.invoke.InvokerBytecodeGenerator::getInternalName (103 bytes)
Event: 24,317 Thread 0x00007fca641c6000 nmethod 1087 0x00007fca4d472d90 code [0x00007fca4d472f80, 0x00007fca4d473470]
Event: 24,317 Thread 0x00007fca641c6000 1085       3       java.util.ArrayList::grow (60 bytes)
Event: 24,318 Thread 0x00007fca641c6000 nmethod 1085 0x00007fca4d473590 code [0x00007fca4d4737a0, 0x00007fca4d473f90]
Event: 24,318 Thread 0x00007fca641c6000 1092       3       java.lang.invoke.InvokerBytecodeGenerator::emitPushArgument (129 bytes)
Event: 24,318 Thread 0x00007fca641c6000 nmethod 1092 0x00007fca4d474290 code [0x00007fca4d474580, 0x00007fca4d475570]
Event: 24,318 Thread 0x00007fca641c6000 1094       3       java.util.ArrayList$Itr::next (66 bytes)
Event: 24,318 Thread 0x00007fca641c6000 nmethod 1094 0x00007fca4d475b10 code [0x00007fca4d475d00, 0x00007fca4d476100]
Event: 24,318 Thread 0x00007fca641c6000 1096   !   3       java.lang.invoke.MemberName::getFieldType (177 bytes)
Event: 24,319 Thread 0x00007fca641c6000 nmethod 1096 0x00007fca4d476390 code [0x00007fca4d4766c0, 0x00007fca4d477c70]

GC Heap History (0 events):
No events

Deoptimization events (20 events):
Event: 1,118 Thread 0x00007fca6402be30 DEOPT PACKING pc=0x00007fca5481595c sp=0x00007fca6a523490
Event: 1,118 Thread 0x00007fca6402be30 DEOPT UNPACKING pc=0x00007fca4cd65125 sp=0x00007fca6a523450 mode 2
Event: 1,122 Thread 0x00007fca6402be30 Uncommon trap: trap_request=0xffffffc6 fr.pc=0x00007fca5481595c relative=0x000000000000181c
Event: 1,122 Thread 0x00007fca6402be30 Uncommon trap: reason=bimorphic_or_optimized_type_check action=maybe_recompile pc=0x00007fca5481595c method=java.util.HashMap.putVal(ILjava/lang/Object;Ljava/lang/Object;ZZ)Ljava/lang/Object; @ 91 c2
Event: 1,122 Thread 0x00007fca6402be30 DEOPT PACKING pc=0x00007fca5481595c sp=0x00007fca6a5236b0
Event: 1,122 Thread 0x00007fca6402be30 DEOPT UNPACKING pc=0x00007fca4cd65125 sp=0x00007fca6a523670 mode 2
Event: 1,122 Thread 0x00007fca6402be30 Uncommon trap: trap_request=0xffffffc6 fr.pc=0x00007fca5481595c relative=0x000000000000181c
Event: 1,122 Thread 0x00007fca6402be30 Uncommon trap: reason=bimorphic_or_optimized_type_check action=maybe_recompile pc=0x00007fca5481595c method=java.util.HashMap.putVal(ILjava/lang/Object;Ljava/lang/Object;ZZ)Ljava/lang/Object; @ 91 c2
Event: 1,122 Thread 0x00007fca6402be30 DEOPT PACKING pc=0x00007fca5481595c sp=0x00007fca6a5236b0
Event: 1,122 Thread 0x00007fca6402be30 DEOPT UNPACKING pc=0x00007fca4cd65125 sp=0x00007fca6a523670 mode 2
Event: 1,169 Thread 0x00007fca6402be30 DEOPT PACKING pc=0x00007fca4d424384 sp=0x00007fca6a524780
Event: 1,169 Thread 0x00007fca6402be30 DEOPT UNPACKING pc=0x00007fca4cd64f2b sp=0x00007fca6a523c38 mode 1
Event: 1,169 Thread 0x00007fca6402be30 DEOPT PACKING pc=0x00007fca4d41c23c sp=0x00007fca6a524850
Event: 1,169 Thread 0x00007fca6402be30 DEOPT UNPACKING pc=0x00007fca4cd64f2b sp=0x00007fca6a523d28 mode 1
Event: 1,206 Thread 0x00007fca6402be30 DEOPT PACKING pc=0x00007fca4d30333b sp=0x00007fca6a523750
Event: 1,206 Thread 0x00007fca6402be30 DEOPT UNPACKING pc=0x00007fca4cd64f2b sp=0x00007fca6a522c98 mode 0
Event: 1,222 Thread 0x00007fca6402be30 Uncommon trap: trap_request=0xffffff45 fr.pc=0x00007fca5482fac8 relative=0x0000000000000248
Event: 1,222 Thread 0x00007fca6402be30 Uncommon trap: reason=unstable_if action=reinterpret pc=0x00007fca5482fac8 method=java.lang.String.hashCode()I @ 20 c2
Event: 1,222 Thread 0x00007fca6402be30 DEOPT PACKING pc=0x00007fca5482fac8 sp=0x00007fca6a522cf0
Event: 1,222 Thread 0x00007fca6402be30 DEOPT UNPACKING pc=0x00007fca4cd65125 sp=0x00007fca6a522ca0 mode 2

Classes unloaded (0 events):
No events

Classes redefined (2 events):
Event: 135,919 Thread 0x00007fca641b7400 redefined class name=com.ifood.challenge.ChallengeApplicationTest, count=1
Event: 4490,081 Thread 0x00007fca641b7400 redefined class name=com.ifood.challenge.ChallengeApplicationTest, count=2

Internal exceptions (20 events):
Event: 1,097 Thread 0x00007fca6402be30 Exception <a 'java/lang/NoSuchMethodError'{0x000000071874a180}: 'int java.lang.invoke.DirectMethodHandle$Holder.invokeStatic(java.lang.Object, java.lang.Object, java.lang.Object, java.lang.Object)'> (0x000000071874a180) 
thrown [open/src/hotspot/share/interpreter/linkResolver.cpp, line 781]
Event: 1,100 Thread 0x00007fca6402be30 Exception <a 'java/lang/NoSuchMethodError'{0x00000007187780d8}: 'java.lang.Object java.lang.invoke.DirectMethodHandle$Holder.newInvokeSpecial(java.lang.Object, java.lang.Object, java.lang.Object, java.lang.Object, java.lang.Object, java.lang.Object)'> (0x00000007187780d8) 
thrown [open/src/hotspot/share/interpreter/linkResolver.cpp, line 781]
Event: 1,118 Thread 0x00007fca6402be30 Exception <a 'java/lang/NoSuchMethodError'{0x00000007184829e8}: 'java.lang.Object java.lang.invoke.DirectMethodHandle$Holder.invokeInterface(java.lang.Object, java.lang.Object)'> (0x00000007184829e8) 
thrown [open/src/hotspot/share/interpreter/linkResolver.cpp, line 781]
Event: 1,123 Thread 0x00007fca6402be30 Exception <a 'java/lang/NoSuchMethodError'{0x00000007184c97f0}: 'java.lang.Object java.lang.invoke.DirectMethodHandle$Holder.invokeSpecialIFC(java.lang.Object, java.lang.Object, java.lang.Object, java.lang.Object)'> (0x00000007184c97f0) 
thrown [open/src/hotspot/share/interpreter/linkResolver.cpp, line 781]
Event: 1,131 Thread 0x00007fca6402be30 Exception <a 'java/lang/NoSuchMethodError'{0x000000071854cdd8}: 'void java.lang.invoke.DirectMethodHandle$Holder.invokeInterface(java.lang.Object, java.lang.Object, java.lang.Object, java.lang.Object, java.lang.Object)'> (0x000000071854cdd8) 
thrown [open/src/hotspot/share/interpreter/linkResolver.cpp, line 781]
Event: 1,131 Thread 0x00007fca6402be30 Exception <a 'java/lang/IncompatibleClassChangeError'{0x0000000718550ca8}: Found class java.lang.Object, but interface was expected> (0x0000000718550ca8) 
thrown [open/src/hotspot/share/interpreter/linkResolver.cpp, line 848]
Event: 1,135 Thread 0x00007fca6402be30 Exception <a 'java/lang/NoSuchMethodError'{0x0000000718591ed0}: 'void java.lang.invoke.DirectMethodHandle$Holder.invokeInterface(java.lang.Object, java.lang.Object, java.lang.Object)'> (0x0000000718591ed0) 
thrown [open/src/hotspot/share/interpreter/linkResolver.cpp, line 781]
Event: 1,135 Thread 0x00007fca6402be30 Exception <a 'java/lang/IncompatibleClassChangeError'{0x0000000718595468}: Found class java.lang.Object, but interface was expected> (0x0000000718595468) 
thrown [open/src/hotspot/share/interpreter/linkResolver.cpp, line 848]
Event: 1,137 Thread 0x00007fca6402be30 Exception <a 'java/lang/NoSuchMethodError'{0x00000007185bbb88}: 'void java.lang.invoke.DirectMethodHandle$Holder.invokeSpecial(java.lang.Object, java.lang.Object, java.lang.Object, java.lang.Object, java.lang.Object)'> (0x00000007185bbb88) 
thrown [open/src/hotspot/share/interpreter/linkResolver.cpp, line 781]
Event: 1,147 Thread 0x00007fca6402be30 Exception <a 'java/lang/NoSuchMethodError'{0x0000000718244000}: 'void java.lang.invoke.DirectMethodHandle$Holder.invokeInterface(java.lang.Object, java.lang.Object, java.lang.Object, java.lang.Object)'> (0x0000000718244000) 
thrown [open/src/hotspot/share/interpreter/linkResolver.cpp, line 781]
Event: 1,147 Thread 0x00007fca6402be30 Exception <a 'java/lang/IncompatibleClassChangeError'{0x0000000718247b28}: Found class java.lang.Object, but interface was expected> (0x0000000718247b28) 
thrown [open/src/hotspot/share/interpreter/linkResolver.cpp, line 848]
Event: 1,149 Thread 0x00007fca6402be30 Exception <a 'java/lang/NoSuchMethodError'{0x0000000718261b68}: 'void java.lang.invoke.DirectMethodHandle$Holder.invokeStatic(java.lang.Object, java.lang.Object, java.lang.Object, java.lang.Object)'> (0x0000000718261b68) 
thrown [open/src/hotspot/share/interpreter/linkResolver.cpp, line 781]
Event: 1,150 Thread 0x00007fca6402be30 Exception <a 'java/lang/NoSuchMethodError'{0x0000000718276768}: 'java.lang.Object java.lang.invoke.DirectMethodHandle$Holder.invokeVirtual(java.lang.Object, java.lang.Object, java.lang.Object)'> (0x0000000718276768) 
thrown [open/src/hotspot/share/interpreter/linkResolver.cpp, line 781]
Event: 1,161 Thread 0x00007fca6402be30 Exception <a 'java/lang/NoSuchMethodError'{0x000000071831c6a0}: 'java.lang.Object java.lang.invoke.Invokers$Holder.invokeExact_MT(java.lang.Object, java.lang.Object, java.lang.Object, java.lang.Object, java.lang.Object, java.lang.Object)'> (0x000000071831c6a0) 
thrown [open/src/hotspot/share/interpreter/linkResolver.cpp, line 781]
Event: 1,163 Thread 0x00007fca6402be30 Exception <a 'java/lang/NoSuchMethodError'{0x000000071832d310}: 'int java.lang.invoke.DirectMethodHandle$Holder.invokeStatic(java.lang.Object, java.lang.Object, java.lang.Object, java.lang.Object, java.lang.Object)'> (0x000000071832d310) 
thrown [open/src/hotspot/share/interpreter/linkResolver.cpp, line 781]
Event: 1,186 Thread 0x00007fca6402be30 Exception <a 'java/lang/NoSuchMethodError'{0x000000071807abc8}: 'int java.lang.invoke.DirectMethodHandle$Holder.invokeStaticInit(java.lang.Object, java.lang.Object, java.lang.Object)'> (0x000000071807abc8) 
thrown [open/src/hotspot/share/interpreter/linkResolver.cpp, line 781]
Event: 1,207 Thread 0x00007fca6402be30 Exception <a 'java/lang/NoSuchMethodError'{0x00000007181771b0}: 'java.lang.Object java.lang.invoke.DirectMethodHandle$Holder.newInvokeSpecial(java.lang.Object, java.lang.Object, java.lang.Object, java.lang.Object, java.lang.Object, java.lang.Object, java.lang.Object)'> (0x00000007181771b0) 
thrown [open/src/hotspot/share/interpreter/linkResolver.cpp, line 781]
Event: 1,208 Thread 0x00007fca6402be30 Exception <a 'java/lang/NoSuchMethodError'{0x000000071817bf68}: 'java.lang.Object java.lang.invoke.Invokers$Holder.linkToTargetMethod(java.lang.Object, java.lang.Object, java.lang.Object, java.lang.Object, java.lang.Object, java.lang.Object, java.lang.Object)'> (0x000000071817bf68) 
thrown [open/src/hotspot/share/interpreter/linkResolver.cpp, line 781]
Event: 1,209 Thread 0x00007fca6402be30 Exception <a 'java/lang/NoSuchMethodError'{0x0000000718187b80}: 'java.lang.Object java.lang.invoke.DirectMethodHandle$Holder.invokeInterface(java.lang.Object, java.lang.Object, java.lang.Object, java.lang.Object, java.lang.Object)'> (0x0000000718187b80) 
thrown [open/src/hotspot/share/interpreter/linkResolver.cpp, line 781]
Event: 1,209 Thread 0x00007fca6402be30 Exception <a 'java/lang/IncompatibleClassChangeError'{0x000000071818bb78}: Found class java.lang.Object, but interface was expected> (0x000000071818bb78) 
thrown [open/src/hotspot/share/interpreter/linkResolver.cpp, line 848]

Events (20 events):
Event: 4475,656 Executing VM operation: ChangeBreakpoints
Event: 4475,657 Executing VM operation: ChangeBreakpoints done
Event: 4490,065 Executing VM operation: ChangeBreakpoints
Event: 4490,065 Executing VM operation: ChangeBreakpoints done
Event: 4490,078 Executing VM operation: RedefineClasses
Event: 4490,086 Executing VM operation: RedefineClasses done
Event: 4490,086 Executing VM operation: GetFrameCount
Event: 4490,087 Executing VM operation: GetFrameCount done
Event: 4490,087 Executing VM operation: GetFrameCount
Event: 4490,087 Executing VM operation: GetFrameCount done
Event: 4490,087 Executing VM operation: GetStackTrace
Event: 4490,087 Executing VM operation: GetStackTrace done
Event: 4490,167 Executing VM operation: ChangeBreakpoints
Event: 4490,168 Executing VM operation: ChangeBreakpoints done
Event: 4490,211 Executing VM operation: GetFrameCount
Event: 4490,211 Executing VM operation: GetFrameCount done
Event: 4490,211 Executing VM operation: GetStackTrace
Event: 4490,211 Executing VM operation: GetStackTrace done
Event: 4490,243 Executing VM operation: GetFrameLocation
Event: 4490,243 Executing VM operation: GetFrameLocation done


Dynamic libraries:
709c00000-719400000 rw-p 00000000 00:00 0 
719400000-7ffc00000 ---p 00000000 00:00 0 
7ffc00000-7ffd00000 rw-p 00000000 00:00 0 
7ffd00000-7ffd52000 rw-p 00be4000 fd:01 13109927                         /home/josehenrique/.jdks/openjdk-15.0.2/lib/server/classes.jsa
7ffd52000-7ffe00000 rw-p 00000000 00:00 0 
7ffe00000-7ffe7c000 rw-p 00b68000 fd:01 13109927                         /home/josehenrique/.jdks/openjdk-15.0.2/lib/server/classes.jsa
7ffe7c000-800000000 rw-p 00000000 00:00 0 
800000000-800003000 rwxp 00001000 fd:01 13109927                         /home/josehenrique/.jdks/openjdk-15.0.2/lib/server/classes.jsa
800003000-800b33000 rw-p 00004000 fd:01 13109927                         /home/josehenrique/.jdks/openjdk-15.0.2/lib/server/classes.jsa
800b33000-800b34000 ---p 00000000 00:00 0 
800b34000-800c14000 rw-p 00000000 00:00 0 
800c14000-840b34000 ---p 00000000 00:00 0 
55dcba9a9000-55dcba9aa000 r-xp 00000000 fd:01 13109435                   /home/josehenrique/.jdks/openjdk-15.0.2/bin/java
55dcba9ab000-55dcba9ac000 r--p 00001000 fd:01 13109435                   /home/josehenrique/.jdks/openjdk-15.0.2/bin/java
55dcba9ac000-55dcba9ad000 rw-p 00002000 fd:01 13109435                   /home/josehenrique/.jdks/openjdk-15.0.2/bin/java
55dcbb599000-55dcbb5ba000 rw-p 00000000 00:00 0                          [heap]
7fc9e8000000-7fc9e8021000 rw-p 00000000 00:00 0 
7fc9e8021000-7fc9ec000000 ---p 00000000 00:00 0 
7fc9f0000000-7fc9f0275000 rw-p 00000000 00:00 0 
7fc9f0275000-7fc9f4000000 ---p 00000000 00:00 0 
7fc9f4000000-7fc9f4021000 rw-p 00000000 00:00 0 
7fc9f4021000-7fc9f8000000 ---p 00000000 00:00 0 
7fc9f8000000-7fc9f8021000 rw-p 00000000 00:00 0 
7fc9f8021000-7fc9fc000000 ---p 00000000 00:00 0 
7fc9fc000000-7fc9fc207000 rw-p 00000000 00:00 0 
7fc9fc207000-7fca00000000 ---p 00000000 00:00 0 
7fca00000000-7fca00033000 rw-p 00000000 00:00 0 
7fca00033000-7fca04000000 ---p 00000000 00:00 0 
7fca04000000-7fca04027000 rw-p 00000000 00:00 0 
7fca04027000-7fca08000000 ---p 00000000 00:00 0 
7fca08000000-7fca08021000 rw-p 00000000 00:00 0 
7fca08021000-7fca0c000000 ---p 00000000 00:00 0 
7fca0c000000-7fca0c021000 rw-p 00000000 00:00 0 
7fca0c021000-7fca10000000 ---p 00000000 00:00 0 
7fca10000000-7fca101c2000 rw-p 00000000 00:00 0 
7fca101c2000-7fca14000000 ---p 00000000 00:00 0 
7fca14000000-7fca14292000 rw-p 00000000 00:00 0 
7fca14292000-7fca18000000 ---p 00000000 00:00 0 
7fca18000000-7fca18021000 rw-p 00000000 00:00 0 
7fca18021000-7fca1c000000 ---p 00000000 00:00 0 
7fca1c000000-7fca1c021000 rw-p 00000000 00:00 0 
7fca1c021000-7fca20000000 ---p 00000000 00:00 0 
7fca20000000-7fca20021000 rw-p 00000000 00:00 0 
7fca20021000-7fca24000000 ---p 00000000 00:00 0 
7fca24000000-7fca24021000 rw-p 00000000 00:00 0 
7fca24021000-7fca28000000 ---p 00000000 00:00 0 
7fca28000000-7fca28021000 rw-p 00000000 00:00 0 
7fca28021000-7fca2c000000 ---p 00000000 00:00 0 
7fca2c000000-7fca2c066000 rw-p 00000000 00:00 0 
7fca2c066000-7fca30000000 ---p 00000000 00:00 0 
7fca30000000-7fca30021000 rw-p 00000000 00:00 0 
7fca30021000-7fca34000000 ---p 00000000 00:00 0 
7fca3441b000-7fca34782000 rw-p 00000000 00:00 0 
7fca34782000-7fca34783000 ---p 00000000 00:00 0 
7fca34783000-7fca34884000 rw-p 00000000 00:00 0 
7fca34884000-7fca34888000 ---p 00000000 00:00 0 
7fca34888000-7fca34985000 rw-p 00000000 00:00 0 
7fca34985000-7fca34989000 ---p 00000000 00:00 0 
7fca34989000-7fca34a86000 rw-p 00000000 00:00 0 
7fca34a86000-7fca34a8a000 ---p 00000000 00:00 0 
7fca34a8a000-7fca34b87000 rw-p 00000000 00:00 0 
7fca34b87000-7fca34b8b000 ---p 00000000 00:00 0 
7fca34b8b000-7fca34c88000 rw-p 00000000 00:00 0 
7fca34c88000-7fca34c8c000 ---p 00000000 00:00 0 
7fca34c8c000-7fca34d89000 rw-p 00000000 00:00 0 
7fca34d89000-7fca34d8d000 ---p 00000000 00:00 0 
7fca34d8d000-7fca34e8a000 rw-p 00000000 00:00 0 
7fca34e8a000-7fca34e8e000 ---p 00000000 00:00 0 
7fca34e8e000-7fca34f8b000 rw-p 00000000 00:00 0 
7fca34f8b000-7fca34f8f000 ---p 00000000 00:00 0 
7fca34f8f000-7fca3508c000 rw-p 00000000 00:00 0 
7fca3508c000-7fca35090000 ---p 00000000 00:00 0 
7fca35090000-7fca3518d000 rw-p 00000000 00:00 0 
7fca3518d000-7fca35191000 ---p 00000000 00:00 0 
7fca35191000-7fca3528e000 rw-p 00000000 00:00 0 
7fca3528e000-7fca35800000 r--p 00000000 fd:01 5768714                    /usr/lib/locale/locale-archive
7fca35800000-7fca35e00000 rw-p 00000000 00:00 0 
7fca35e00000-7fca36000000 ---p 00000000 00:00 0 
7fca36000000-7fca38000000 rw-p 00000000 00:00 0 
7fca38000000-7fca38021000 rw-p 00000000 00:00 0 
7fca38021000-7fca3c000000 ---p 00000000 00:00 0 
7fca3c000000-7fca3c021000 rw-p 00000000 00:00 0 
7fca3c021000-7fca40000000 ---p 00000000 00:00 0 
7fca40000000-7fca40021000 rw-p 00000000 00:00 0 
7fca40021000-7fca44000000 ---p 00000000 00:00 0 
7fca44060000-7fca44064000 ---p 00000000 00:00 0 
7fca44064000-7fca44161000 rw-p 00000000 00:00 0 
7fca44161000-7fca44165000 ---p 00000000 00:00 0 
7fca44165000-7fca44262000 rw-p 00000000 00:00 0 
7fca44262000-7fca44266000 ---p 00000000 00:00 0 
7fca44266000-7fca44363000 rw-p 00000000 00:00 0 
7fca44363000-7fca44367000 ---p 00000000 00:00 0 
7fca44367000-7fca44464000 rw-p 00000000 00:00 0 
7fca44464000-7fca44465000 ---p 00000000 00:00 0 
7fca44465000-7fca445e7000 rw-p 00000000 00:00 0 
7fca445e7000-7fca445e8000 ---p 00000000 00:00 0 
7fca445e8000-7fca446e9000 rw-p 00000000 00:00 0 
7fca446e9000-7fca446ea000 ---p 00000000 00:00 0 
7fca446ea000-7fca44ff3000 rw-p 00000000 00:00 0 
7fca44ff3000-7fca44ff4000 ---p 00000000 00:00 0 
7fca44ff4000-7fca450f5000 rw-p 00000000 00:00 0 
7fca450f5000-7fca450f6000 ---p 00000000 00:00 0 
7fca450f6000-7fca455d7000 rw-p 00000000 00:00 0 
7fca455d7000-7fca48f77000 ---p 00000000 00:00 0 
7fca48f77000-7fca49367000 rw-p 00000000 00:00 0 
7fca49367000-7fca4cd07000 ---p 00000000 00:00 0 
7fca4cd07000-7fca4cd17000 rw-p 00000000 00:00 0 
7fca4cd17000-7fca4cf87000 rwxp 00000000 00:00 0 
7fca4cf87000-7fca4d2a9000 ---p 00000000 00:00 0 
7fca4d2a9000-7fca4d519000 rwxp 00000000 00:00 0 
7fca4d519000-7fca547e0000 ---p 00000000 00:00 0 
7fca547e0000-7fca54a50000 rwxp 00000000 00:00 0 
7fca54a50000-7fca5bd17000 ---p 00000000 00:00 0 
7fca5bd17000-7fca64000000 r--s 00000000 fd:01 13109918                   /home/josehenrique/.jdks/openjdk-15.0.2/lib/modules
7fca64000000-7fca64685000 rw-p 00000000 00:00 0 
7fca64685000-7fca68000000 ---p 00000000 00:00 0 
7fca68013000-7fca68028000 r-xp 00000000 fd:01 13109908                   /home/josehenrique/.jdks/openjdk-15.0.2/lib/libnet.so
7fca68028000-7fca68029000 r--p 00014000 fd:01 13109908                   /home/josehenrique/.jdks/openjdk-15.0.2/lib/libnet.so
7fca68029000-7fca6802a000 rw-p 00015000 fd:01 13109908                   /home/josehenrique/.jdks/openjdk-15.0.2/lib/libnet.so
7fca6802a000-7fca6803c000 r-xp 00000000 fd:01 13109909                   /home/josehenrique/.jdks/openjdk-15.0.2/lib/libnio.so
7fca6803c000-7fca6803d000 r--p 00011000 fd:01 13109909                   /home/josehenrique/.jdks/openjdk-15.0.2/lib/libnio.so
7fca6803d000-7fca6803e000 rw-p 00012000 fd:01 13109909                   /home/josehenrique/.jdks/openjdk-15.0.2/lib/libnio.so
7fca6803e000-7fca68045000 r-xp 00000000 fd:01 13109917                   /home/josehenrique/.jdks/openjdk-15.0.2/lib/libzip.so
7fca68045000-7fca68046000 ---p 00007000 fd:01 13109917                   /home/josehenrique/.jdks/openjdk-15.0.2/lib/libzip.so
7fca68046000-7fca68047000 r--p 00007000 fd:01 13109917                   /home/josehenrique/.jdks/openjdk-15.0.2/lib/libzip.so
7fca68047000-7fca68048000 rw-p 00008000 fd:01 13109917                   /home/josehenrique/.jdks/openjdk-15.0.2/lib/libzip.so
7fca68048000-7fca6804d000 r-xp 00000000 fd:01 13109887                   /home/josehenrique/.jdks/openjdk-15.0.2/lib/libdt_socket.so
7fca6804d000-7fca6804e000 r--p 00004000 fd:01 13109887                   /home/josehenrique/.jdks/openjdk-15.0.2/lib/libdt_socket.so
7fca6804e000-7fca6804f000 rw-p 00005000 fd:01 13109887                   /home/josehenrique/.jdks/openjdk-15.0.2/lib/libdt_socket.so
7fca6804f000-7fca680eb000 rw-p 00000000 00:00 0 
7fca680eb000-7fca680ec000 ---p 00000000 00:00 0 
7fca680ec000-7fca682e9000 rw-p 00000000 00:00 0 
7fca682e9000-7fca68a1d000 ---p 00000000 00:00 0 
7fca68a1d000-7fca68a9b000 rw-p 00000000 00:00 0 
7fca68a9b000-7fca691cf000 ---p 00000000 00:00 0 
7fca691cf000-7fca6924d000 rw-p 00000000 00:00 0 
7fca6924d000-7fca69981000 ---p 00000000 00:00 0 
7fca69981000-7fca6a190000 rw-p 00000000 00:00 0 
7fca6a190000-7fca6a276000 ---p 00000000 00:00 0 
7fca6a276000-7fca6a27b000 rw-p 00000000 00:00 0 
7fca6a27b000-7fca6a361000 ---p 00000000 00:00 0 
7fca6a361000-7fca6a366000 rw-p 00000000 00:00 0 
7fca6a366000-7fca6a36d000 ---p 00000000 00:00 0 
7fca6a36d000-7fca6a370000 r--p 00000000 fd:01 5767635                    /usr/lib/x86_64-linux-gnu/libnss_files-2.31.so
7fca6a370000-7fca6a377000 r-xp 00003000 fd:01 5767635                    /usr/lib/x86_64-linux-gnu/libnss_files-2.31.so
7fca6a377000-7fca6a379000 r--p 0000a000 fd:01 5767635                    /usr/lib/x86_64-linux-gnu/libnss_files-2.31.so
7fca6a379000-7fca6a37a000 r--p 0000b000 fd:01 5767635                    /usr/lib/x86_64-linux-gnu/libnss_files-2.31.so
7fca6a37a000-7fca6a37b000 rw-p 0000c000 fd:01 5767635                    /usr/lib/x86_64-linux-gnu/libnss_files-2.31.so
7fca6a37b000-7fca6a381000 rw-p 00000000 00:00 0 
7fca6a385000-7fca6a38c000 r--s 00000000 fd:01 6427162                    /usr/lib/x86_64-linux-gnu/gconv/gconv-modules.cache
7fca6a38c000-7fca6a394000 rw-s 00000000 fd:01 655673                     /tmp/hsperfdata_josehenrique/127694
7fca6a394000-7fca6a3b8000 r-xp 00000000 fd:01 13109895                   /home/josehenrique/.jdks/openjdk-15.0.2/lib/libjava.so
7fca6a3b8000-7fca6a3b9000 ---p 00024000 fd:01 13109895                   /home/josehenrique/.jdks/openjdk-15.0.2/lib/libjava.so
7fca6a3b9000-7fca6a3ba000 r--p 00024000 fd:01 13109895                   /home/josehenrique/.jdks/openjdk-15.0.2/lib/libjava.so
7fca6a3ba000-7fca6a3bb000 rw-p 00025000 fd:01 13109895                   /home/josehenrique/.jdks/openjdk-15.0.2/lib/libjava.so
7fca6a3bb000-7fca6a3bc000 rw-p 00000000 00:00 0 
7fca6a3bc000-7fca6a3f9000 r-xp 00000000 fd:01 13109898                   /home/josehenrique/.jdks/openjdk-15.0.2/lib/libjdwp.so
7fca6a3f9000-7fca6a3fa000 r--p 0003c000 fd:01 13109898                   /home/josehenrique/.jdks/openjdk-15.0.2/lib/libjdwp.so
7fca6a3fa000-7fca6a3fb000 rw-p 0003d000 fd:01 13109898                   /home/josehenrique/.jdks/openjdk-15.0.2/lib/libjdwp.so
7fca6a3fb000-7fca6a3fc000 rw-p 00000000 00:00 0 
7fca6a3fc000-7fca6a418000 r-xp 00000000 fd:01 13109899                   /home/josehenrique/.jdks/openjdk-15.0.2/lib/libjimage.so
7fca6a418000-7fca6a41a000 r--p 0001b000 fd:01 13109899                   /home/josehenrique/.jdks/openjdk-15.0.2/lib/libjimage.so
7fca6a41a000-7fca6a41b000 rw-p 0001d000 fd:01 13109899                   /home/josehenrique/.jdks/openjdk-15.0.2/lib/libjimage.so
7fca6a41b000-7fca6a41e000 r--p 00000000 fd:01 5767642                    /usr/lib/x86_64-linux-gnu/librt-2.31.so
7fca6a41e000-7fca6a422000 r-xp 00003000 fd:01 5767642                    /usr/lib/x86_64-linux-gnu/librt-2.31.so
7fca6a422000-7fca6a423000 r--p 00007000 fd:01 5767642                    /usr/lib/x86_64-linux-gnu/librt-2.31.so
7fca6a423000-7fca6a424000 ---p 00008000 fd:01 5767642                    /usr/lib/x86_64-linux-gnu/librt-2.31.so
7fca6a424000-7fca6a425000 r--p 00008000 fd:01 5767642                    /usr/lib/x86_64-linux-gnu/librt-2.31.so
7fca6a425000-7fca6a426000 rw-p 00009000 fd:01 5767642                    /usr/lib/x86_64-linux-gnu/librt-2.31.so
7fca6a426000-7fca6a42a000 ---p 00000000 00:00 0 
7fca6a42a000-7fca6a527000 rw-p 00000000 00:00 0 
7fca6a527000-7fca6a536000 r--p 00000000 fd:01 5767622                    /usr/lib/x86_64-linux-gnu/libm-2.31.so
7fca6a536000-7fca6a5dd000 r-xp 0000f000 fd:01 5767622                    /usr/lib/x86_64-linux-gnu/libm-2.31.so
7fca6a5dd000-7fca6a674000 r--p 000b6000 fd:01 5767622                    /usr/lib/x86_64-linux-gnu/libm-2.31.so
7fca6a674000-7fca6a675000 r--p 0014c000 fd:01 5767622                    /usr/lib/x86_64-linux-gnu/libm-2.31.so
7fca6a675000-7fca6a676000 rw-p 0014d000 fd:01 5767622                    /usr/lib/x86_64-linux-gnu/libm-2.31.so
7fca6a676000-7fca6b6bd000 r-xp 00000000 fd:01 13109930                   /home/josehenrique/.jdks/openjdk-15.0.2/lib/server/libjvm.so
7fca6b6bd000-7fca6b6be000 ---p 01047000 fd:01 13109930                   /home/josehenrique/.jdks/openjdk-15.0.2/lib/server/libjvm.so
7fca6b6be000-7fca6b758000 r--p 01047000 fd:01 13109930                   /home/josehenrique/.jdks/openjdk-15.0.2/lib/server/libjvm.so
7fca6b758000-7fca6b78f000 rw-p 010e1000 fd:01 13109930                   /home/josehenrique/.jdks/openjdk-15.0.2/lib/server/libjvm.so
7fca6b78f000-7fca6b81a000 rw-p 00000000 00:00 0 
7fca6b81a000-7fca6b83f000 r--p 00000000 fd:01 5767554                    /usr/lib/x86_64-linux-gnu/libc-2.31.so
7fca6b83f000-7fca6b9b7000 r-xp 00025000 fd:01 5767554                    /usr/lib/x86_64-linux-gnu/libc-2.31.so
7fca6b9b7000-7fca6ba01000 r--p 0019d000 fd:01 5767554                    /usr/lib/x86_64-linux-gnu/libc-2.31.so
7fca6ba01000-7fca6ba02000 ---p 001e7000 fd:01 5767554                    /usr/lib/x86_64-linux-gnu/libc-2.31.so
7fca6ba02000-7fca6ba05000 r--p 001e7000 fd:01 5767554                    /usr/lib/x86_64-linux-gnu/libc-2.31.so
7fca6ba05000-7fca6ba08000 rw-p 001ea000 fd:01 5767554                    /usr/lib/x86_64-linux-gnu/libc-2.31.so
7fca6ba08000-7fca6ba0c000 rw-p 00000000 00:00 0 
7fca6ba0c000-7fca6ba0d000 r--p 00000000 fd:01 5767621                    /usr/lib/x86_64-linux-gnu/libdl-2.31.so
7fca6ba0d000-7fca6ba0f000 r-xp 00001000 fd:01 5767621                    /usr/lib/x86_64-linux-gnu/libdl-2.31.so
7fca6ba0f000-7fca6ba10000 r--p 00003000 fd:01 5767621                    /usr/lib/x86_64-linux-gnu/libdl-2.31.so
7fca6ba10000-7fca6ba11000 r--p 00003000 fd:01 5767621                    /usr/lib/x86_64-linux-gnu/libdl-2.31.so
7fca6ba11000-7fca6ba12000 rw-p 00004000 fd:01 5767621                    /usr/lib/x86_64-linux-gnu/libdl-2.31.so
7fca6ba12000-7fca6ba19000 r--p 00000000 fd:01 5767640                    /usr/lib/x86_64-linux-gnu/libpthread-2.31.so
7fca6ba19000-7fca6ba2a000 r-xp 00007000 fd:01 5767640                    /usr/lib/x86_64-linux-gnu/libpthread-2.31.so
7fca6ba2a000-7fca6ba2f000 r--p 00018000 fd:01 5767640                    /usr/lib/x86_64-linux-gnu/libpthread-2.31.so
7fca6ba2f000-7fca6ba30000 r--p 0001c000 fd:01 5767640                    /usr/lib/x86_64-linux-gnu/libpthread-2.31.so
7fca6ba30000-7fca6ba31000 rw-p 0001d000 fd:01 5767640                    /usr/lib/x86_64-linux-gnu/libpthread-2.31.so
7fca6ba31000-7fca6ba35000 rw-p 00000000 00:00 0 
7fca6ba35000-7fca6ba44000 r-xp 00000000 fd:01 13109900                   /home/josehenrique/.jdks/openjdk-15.0.2/lib/libjli.so
7fca6ba44000-7fca6ba45000 r--p 0000e000 fd:01 13109900                   /home/josehenrique/.jdks/openjdk-15.0.2/lib/libjli.so
7fca6ba45000-7fca6ba46000 rw-p 0000f000 fd:01 13109900                   /home/josehenrique/.jdks/openjdk-15.0.2/lib/libjli.so
7fca6ba46000-7fca6ba48000 r--p 00000000 fd:01 5767362                    /usr/lib/x86_64-linux-gnu/libz.so.1.2.11
7fca6ba48000-7fca6ba59000 r-xp 00002000 fd:01 5767362                    /usr/lib/x86_64-linux-gnu/libz.so.1.2.11
7fca6ba59000-7fca6ba5f000 r--p 00013000 fd:01 5767362                    /usr/lib/x86_64-linux-gnu/libz.so.1.2.11
7fca6ba5f000-7fca6ba60000 ---p 00019000 fd:01 5767362                    /usr/lib/x86_64-linux-gnu/libz.so.1.2.11
7fca6ba60000-7fca6ba61000 r--p 00019000 fd:01 5767362                    /usr/lib/x86_64-linux-gnu/libz.so.1.2.11
7fca6ba61000-7fca6ba62000 rw-p 0001a000 fd:01 5767362                    /usr/lib/x86_64-linux-gnu/libz.so.1.2.11
7fca6ba62000-7fca6ba64000 rw-p 00000000 00:00 0 
7fca6ba68000-7fca6ba69000 r--s 00002000 07:0a 2809                       /snap/intellij-idea-community/289/plugins/java/lib/rt/debugger-agent-storage.jar
7fca6ba69000-7fca6ba73000 r-xp 00000000 fd:01 13109890                   /home/josehenrique/.jdks/openjdk-15.0.2/lib/libinstrument.so
7fca6ba73000-7fca6ba74000 r--p 00009000 fd:01 13109890                   /home/josehenrique/.jdks/openjdk-15.0.2/lib/libinstrument.so
7fca6ba74000-7fca6ba75000 rw-p 0000a000 fd:01 13109890                   /home/josehenrique/.jdks/openjdk-15.0.2/lib/libinstrument.so
7fca6ba75000-7fca6ba76000 ---p 00000000 00:00 0 
7fca6ba76000-7fca6ba77000 r--p 00000000 00:00 0 
7fca6ba77000-7fca6ba78000 r--p 00000000 fd:01 5767220                    /usr/lib/x86_64-linux-gnu/ld-2.31.so
7fca6ba78000-7fca6ba9b000 r-xp 00001000 fd:01 5767220                    /usr/lib/x86_64-linux-gnu/ld-2.31.so
7fca6ba9b000-7fca6baa3000 r--p 00024000 fd:01 5767220                    /usr/lib/x86_64-linux-gnu/ld-2.31.so
7fca6baa3000-7fca6baa4000 ---p 00000000 00:00 0 
7fca6baa4000-7fca6baa5000 r--p 0002c000 fd:01 5767220                    /usr/lib/x86_64-linux-gnu/ld-2.31.so
7fca6baa5000-7fca6baa6000 rw-p 0002d000 fd:01 5767220                    /usr/lib/x86_64-linux-gnu/ld-2.31.so
7fca6baa6000-7fca6baa7000 rw-p 00000000 00:00 0 
7ffcee66d000-7ffcee690000 rw-p 00000000 00:00 0                          [stack]
7ffcee7b2000-7ffcee7b6000 r--p 00000000 00:00 0                          [vvar]
7ffcee7b6000-7ffcee7b8000 r-xp 00000000 00:00 0                          [vdso]
ffffffffff600000-ffffffffff601000 --xp 00000000 00:00 0                  [vsyscall]


VM Arguments:
jvm_args: -agentlib:jdwp=transport=dt_socket,address=127.0.0.1:48597,suspend=y,server=n -ea -Didea.test.cyclic.buffer.size=1048576 -javaagent:/snap/intellij-idea-community/289/plugins/java/lib/rt/debugger-agent.jar -Dfile.encoding=UTF-8 
java_command: com.intellij.rt.junit.JUnitStarter -ideVersion5 -junit5 com.ifood.challenge.ChallengeApplicationTest,testResult
java_class_path (initial): /snap/intellij-idea-community/289/lib/idea_rt.jar:/home/josehenrique/.m2/repository/org/junit/platform/junit-platform-launcher/1.7.1/junit-platform-launcher-1.7.1.jar:/snap/intellij-idea-community/289/plugins/junit/lib/junit5-rt.jar:/snap/intellij-idea-community/289/plugins/junit/lib/junit-rt.jar:/home/josehenrique/Área de Trabalho/WeeklyChallenge4/challenge/target/test-classes:/home/josehenrique/Área de Trabalho/WeeklyChallenge4/challenge/target/classes:/home/josehenrique/.m2/repository/org/springframework/boot/spring-boot-starter-web/2.4.3/spring-boot-starter-web-2.4.3.jar:/home/josehenrique/.m2/repository/org/springframework/boot/spring-boot-starter/2.4.3/spring-boot-starter-2.4.3.jar:/home/josehenrique/.m2/repository/org/springframework/boot/spring-boot/2.4.3/spring-boot-2.4.3.jar:/home/josehenrique/.m2/repository/org/springframework/boot/spring-boot-autoconfigure/2.4.3/spring-boot-autoconfigure-2.4.3.jar:/home/josehenrique/.m2/repository/org/springframework/boot/spring-boot-starter-logging/2.4.3/spring-boot-starter-logging-2.4.3.jar:/home/josehenrique/.m2/repository/ch/qos/logback/logback-classic/1.2.3/logback-classic-1.2.3.jar:/home/josehenrique/.m2/repository/ch/qos/logback/logback-core/1.2.3/logback-core-1.2.3.jar:/home/josehenrique/.m2/repository/org/apache/logging/log4j/log4j-to-slf4j/2.13.3/log4j-to-slf4j-2.13.3.jar:/home/josehenrique/.m2/repository/org/apache/logging/log4j/log4j-api/2.13.3/log4j-api-2.13.3.jar:/home/josehenrique/.m2/repository/org/slf4j/jul-to-slf4j/1.7.30/jul-to-slf4j-1.7.30.jar:/home/josehenrique/.m2/repository/jakarta/annotation/jakarta.annotation-api/1.3.5/jakarta.annotation-api-1.3.5.jar:/home/josehenrique/.m2/repository/org/yaml/snakeyaml/1.27/snakeyaml-1.27.jar:/home/josehenrique/.m2/repository/org/springframework/boot/spring-boot-starter-json/2.4.3/spring-boot-starter-json-2.4.3.jar:/home/josehenrique/.m2/repository/com/fasterxml/jackson/core/jackson-databind/2.11.4/jackson-databind-2.11.4.jar:/home
Launcher Type: SUN_STANDARD

[Global flags]
     intx CICompilerCount                          = 4                                         {product} {ergonomic}
     uint ConcGCThreads                            = 2                                         {product} {ergonomic}
     uint G1ConcRefinementThreads                  = 8                                         {product} {ergonomic}
   size_t G1HeapRegionSize                         = 2097152                                   {product} {ergonomic}
    uintx GCDrainStackTargetSize                   = 64                                        {product} {ergonomic}
   size_t InitialHeapSize                          = 260046848                                 {product} {ergonomic}
   size_t MarkStackSize                            = 4194304                                   {product} {ergonomic}
   size_t MaxHeapSize                              = 4131389440                                {product} {ergonomic}
   size_t MaxNewSize                               = 2478833664                                {product} {ergonomic}
   size_t MinHeapDeltaBytes                        = 2097152                                   {product} {ergonomic}
   size_t MinHeapSize                              = 8388608                                   {product} {ergonomic}
    uintx NonNMethodCodeHeapSize                   = 5839372                                {pd product} {ergonomic}
    uintx NonProfiledCodeHeapSize                  = 122909434                              {pd product} {ergonomic}
    uintx ProfiledCodeHeapSize                     = 122909434                              {pd product} {ergonomic}
    uintx ReservedCodeCacheSize                    = 251658240                              {pd product} {ergonomic}
     bool SegmentedCodeCache                       = true                                      {product} {ergonomic}
   size_t SoftMaxHeapSize                          = 4131389440                             {manageable} {ergonomic}
     bool UseCompressedClassPointers               = true                                 {lp64_product} {ergonomic}
     bool UseCompressedOops                        = true                                 {lp64_product} {ergonomic}
     bool UseG1GC                                  = true                                      {product} {ergonomic}

Logging:
Log output configuration:
 #0: stdout all=warning uptime,level,tags
 #1: stderr all=off uptime,level,tags

Environment Variables:
PATH=/usr/local/sbin:/usr/local/bin:/usr/sbin:/usr/bin:/sbin:/bin:/usr/games:/usr/local/games:/snap/bin
USERNAME=josehenrique
SHELL=/bin/bash
DISPLAY=:0
LANG=pt_BR.UTF-8

Signal Handlers:
SIGSEGV: [libjvm.so+0xd64200], sa_mask[0]=11111111011111111101111111111110, sa_flags=SA_RESTART|SA_SIGINFO
SIGBUS: [libjvm.so+0xd64200], sa_mask[0]=11111111011111111101111111111110, sa_flags=SA_RESTART|SA_SIGINFO
SIGFPE: [libjvm.so+0xd64200], sa_mask[0]=11111111011111111101111111111110, sa_flags=SA_RESTART|SA_SIGINFO
SIGPIPE: [libjvm.so+0xb419c0], sa_mask[0]=11111111011111111101111111111110, sa_flags=SA_RESTART|SA_SIGINFO
SIGXFSZ: [libjvm.so+0xb419c0], sa_mask[0]=11111111011111111101111111111110, sa_flags=SA_RESTART|SA_SIGINFO
SIGILL: [libjvm.so+0xd64200], sa_mask[0]=11111111011111111101111111111110, sa_flags=SA_RESTART|SA_SIGINFO
SIGUSR2: [libjvm.so+0xb41860], sa_mask[0]=00100000000000000000000000000000, sa_flags=SA_RESTART|SA_SIGINFO
SIGHUP: [libjvm.so+0xb420d0], sa_mask[0]=11111111011111111101111111111110, sa_flags=SA_RESTART|SA_SIGINFO
SIGINT: [libjvm.so+0xb420d0], sa_mask[0]=11111111011111111101111111111110, sa_flags=SA_RESTART|SA_SIGINFO
SIGTERM: [libjvm.so+0xb420d0], sa_mask[0]=11111111011111111101111111111110, sa_flags=SA_RESTART|SA_SIGINFO
SIGQUIT: [libjvm.so+0xb420d0], sa_mask[0]=11111111011111111101111111111110, sa_flags=SA_RESTART|SA_SIGINFO


---------------  S Y S T E M  ---------------

OS:
DISTRIB_ID=Ubuntu
DISTRIB_RELEASE=20.04
DISTRIB_CODENAME=focal
DISTRIB_DESCRIPTION="Ubuntu 20.04.2 LTS"
uname: Linux 5.8.0-45-generic #51~20.04.1-Ubuntu SMP Tue Feb 23 13:46:31 UTC 2021 x86_64
OS uptime: 3 days 4:14 hours
libc: glibc 2.31 NPTL 2.31 
rlimit (soft/hard): STACK 8192k/infinity , CORE 0k/infinity , NPROC 62656/62656 , NOFILE 1048576/1048576 , AS infinity/infinity , CPU infinity/infinity , DATA infinity/infinity , FSIZE infinity/infinity , MEMLOCK 65536k/65536k
load average: 0,89 0,58 0,57

/proc/meminfo:
MemTotal:       16135232 kB
MemFree:          982288 kB
MemAvailable:    6493656 kB
Buffers:          590360 kB
Cached:          6080704 kB
SwapCached:         1244 kB
Active:         10439256 kB
Inactive:        3344832 kB
Active(anon):    7480752 kB
Inactive(anon):   807380 kB
Active(file):    2958504 kB
Inactive(file):  2537452 kB
Unevictable:      502620 kB
Mlocked:             568 kB
SwapTotal:        999420 kB
SwapFree:         989272 kB
Dirty:              7308 kB
Writeback:             0 kB
AnonPages:       7614272 kB
Mapped:          1338488 kB
Shmem:           1185720 kB
KReclaimable:     358772 kB
Slab:             598320 kB
SReclaimable:     358772 kB
SUnreclaim:       239548 kB
KernelStack:       26352 kB
PageTables:        82468 kB
NFS_Unstable:          0 kB
Bounce:                0 kB
WritebackTmp:          0 kB
CommitLimit:     9067036 kB
Committed_AS:   24739912 kB
VmallocTotal:   34359738367 kB
VmallocUsed:       62000 kB
VmallocChunk:          0 kB
Percpu:             9216 kB
HardwareCorrupted:     0 kB
AnonHugePages:         0 kB
ShmemHugePages:        0 kB
ShmemPmdMapped:        0 kB
FileHugePages:         0 kB
FilePmdMapped:         0 kB
HugePages_Total:       0
HugePages_Free:        0
HugePages_Rsvd:        0
HugePages_Surp:        0
Hugepagesize:       2048 kB
Hugetlb:               0 kB
DirectMap4k:      632448 kB
DirectMap2M:    13787136 kB
DirectMap1G:     3145728 kB

/sys/kernel/mm/transparent_hugepage/enabled: always [madvise] never
/sys/kernel/mm/transparent_hugepage/defrag (defrag/compaction efforts parameter): always defer defer+madvise [madvise] never

/proc/sys/kernel/threads-max (system-wide limit on the number of threads): 125313
/proc/sys/vm/max_map_count (maximum number of memory map areas a process may have): 65530
/proc/sys/kernel/pid_max (system-wide limit on number of process identifiers): 4194304

container (cgroup) information:
container_type: cgroupv1
cpu_cpuset_cpus: 0-7
cpu_memory_nodes: 0
active_processor_count: 8
cpu_quota: no quota
cpu_period: 100000
cpu_shares: no shares
memory_limit_in_bytes: unlimited
memory_and_swap_limit_in_bytes: unlimited
memory_soft_limit_in_bytes: unlimited
memory_usage_in_bytes: 12010680320
memory_max_usage_in_bytes: 13072560128

Steal ticks since vm start: 0
Steal ticks percentage since vm start:  0,000

CPU: total 8 (initial active 8) (4 cores per cpu, 2 threads per core) family 6 model 142 stepping 12 microcode 0xde, cmov, cx8, fxsr, mmx, sse, sse2, sse3, ssse3, sse4.1, sse4.2, popcnt, vzeroupper, avx, avx2, aes, clmul, erms, 3dnowpref, lzcnt, ht, tsc, tscinvbit, bmi1, bmi2, adx, fma, clflush, clflushopt
CPU Model and flags from /proc/cpuinfo:
model name	: Intel(R) Core(TM) i7-8665U CPU @ 1.90GHz
flags		: fpu vme de pse tsc msr pae mce cx8 apic sep mtrr pge mca cmov pat pse36 clflush dts acpi mmx fxsr sse sse2 ss ht tm pbe syscall nx pdpe1gb rdtscp lm constant_tsc art arch_perfmon pebs bts rep_good nopl xtopology nonstop_tsc cpuid aperfmperf pni pclmulqdq dtes64 monitor ds_cpl vmx smx est tm2 ssse3 sdbg fma cx16 xtpr pdcm pcid sse4_1 sse4_2 x2apic movbe popcnt tsc_deadline_timer aes xsave avx f16c rdrand lahf_lm abm 3dnowprefetch cpuid_fault epb invpcid_single ssbd ibrs ibpb stibp ibrs_enhanced tpr_shadow vnmi flexpriority ept vpid ept_ad fsgsbase tsc_adjust bmi1 avx2 smep bmi2 erms invpcid mpx rdseed adx smap clflushopt intel_pt xsaveopt xsavec xgetbv1 xsaves dtherm ida arat pln pts hwp hwp_notify hwp_act_window hwp_epp md_clear flush_l1d arch_capabilities

Online cpus: 0-7
Offline cpus: 
BIOS frequency limitation: <Not Available>
Frequency switch latency (ns): 0
Available cpu frequencies: <Not Available>
Current governor: powersave
Core performance/turbo boost: <Not Available>

Memory: 4k page, physical 16135232k(982288k free), swap 999420k(989272k free)

vm_info: OpenJDK 64-Bit Server VM (15.0.2+7-27) for linux-amd64 JRE (15.0.2+7-27), built on Dec  7 2020 19:54:59 by "mach5one" with gcc 9.2.0

END.
